2021-10-09 13:28:04  [ main:0 ] - [ INFO ]  building predicates......
2021-10-09 13:28:04  [ main:87 ] - [ INFO ]  predicates size is: 20
2021-10-09 13:28:04  [ main:126 ] - [ INFO ]  sampling.....
2021-10-09 13:28:10  [ main:6112 ] - [ INFO ]  completing evidence set.....
2021-10-09 13:28:10  [ main:6173 ] - [ INFO ]  full evidence set size: 17
2021-10-09 13:31:47  [ main:0 ] - [ INFO ]  building predicates......
2021-10-09 13:31:47  [ main:55 ] - [ INFO ]  predicates size is: 20
2021-10-09 13:31:47  [ main:85 ] - [ INFO ]  sampling.....
2021-10-09 13:31:47  [ main:355 ] - [ INFO ]  completing evidence set.....
2021-10-09 13:31:47  [ main:404 ] - [ INFO ]  full evidence set size: 17
2021-10-09 13:33:19  [ main:0 ] - [ INFO ]  building predicates......
2021-10-09 13:33:19  [ main:108 ] - [ INFO ]  predicates size is: 20
2021-10-09 13:33:19  [ main:161 ] - [ INFO ]  sampling.....
2021-10-09 13:33:20  [ main:361 ] - [ INFO ]  completing evidence set.....
2021-10-09 13:33:20  [ main:470 ] - [ INFO ]  full evidence set size: 17
2021-10-09 13:36:42  [ main:0 ] - [ INFO ]  building predicates......
2021-10-09 13:36:42  [ main:90 ] - [ INFO ]  predicates size is: 20
2021-10-09 13:36:42  [ main:146 ] - [ INFO ]  sampling.....
2021-10-09 13:36:42  [ main:305 ] - [ INFO ]  completing evidence set.....
2021-10-09 13:36:42  [ main:402 ] - [ INFO ]  full evidence set size: 17
2021-10-09 13:44:17  [ main:0 ] - [ INFO ]  building predicates......
2021-10-09 13:44:17  [ main:87 ] - [ INFO ]  predicates size is: 20
2021-10-09 13:44:17  [ main:130 ] - [ INFO ]  sampling.....
2021-10-09 13:44:18  [ main:243 ] - [ INFO ]  completing evidence set.....
2021-10-09 13:44:18  [ main:342 ] - [ INFO ]  full evidence set size: 17
2021-10-09 13:44:39  [ main:0 ] - [ INFO ]  building predicates......
2021-10-09 13:44:39  [ main:79 ] - [ INFO ]  predicates size is: 20
2021-10-09 13:44:39  [ main:125 ] - [ INFO ]  sampling.....
2021-10-09 13:44:39  [ main:265 ] - [ INFO ]  completing evidence set.....
2021-10-09 13:44:39  [ main:357 ] - [ INFO ]  full evidence set size: 17
2021-10-09 13:46:47  [ main:0 ] - [ INFO ]  building predicates......
2021-10-09 13:48:10  [ main:0 ] - [ INFO ]  building predicates......
2021-10-09 13:48:10  [ main:61 ] - [ INFO ]  predicates size is: 20
2021-10-09 13:48:10  [ main:90 ] - [ INFO ]  sampling.....
2021-10-09 13:48:10  [ main:157 ] - [ INFO ]  completing evidence set.....
2021-10-09 13:48:10  [ main:198 ] - [ INFO ]  full evidence set size: 17
2021-10-09 13:48:50  [ main:0 ] - [ INFO ]  building predicates......
2021-10-09 13:48:50  [ main:44 ] - [ INFO ]  predicates size is: 20
2021-10-09 13:48:50  [ main:72 ] - [ INFO ]  sampling.....
2021-10-09 13:48:50  [ main:137 ] - [ INFO ]  completing evidence set.....
2021-10-09 13:48:50  [ main:187 ] - [ INFO ]  full evidence set size: 17
2021-10-09 13:57:18  [ main:0 ] - [ INFO ]  building predicates......
2021-10-09 13:57:18  [ main:64 ] - [ INFO ]  predicates size is: 20
2021-10-09 13:57:18  [ main:96 ] - [ INFO ]  sampling.....
2021-10-09 13:57:18  [ main:226 ] - [ INFO ]  completing evidence set.....
2021-10-09 13:57:18  [ main:295 ] - [ INFO ]  full evidence set size: 17
2021-10-09 13:59:16  [ main:0 ] - [ INFO ]  building predicates......
2021-10-09 13:59:16  [ main:45 ] - [ INFO ]  predicates size is: 20
2021-10-09 13:59:16  [ main:69 ] - [ INFO ]  sampling.....
2021-10-09 13:59:16  [ main:141 ] - [ INFO ]  completing evidence set.....
2021-10-09 13:59:16  [ main:191 ] - [ INFO ]  full evidence set size: 17
2021-10-09 13:59:26  [ main:0 ] - [ INFO ]  building predicates......
2021-10-09 13:59:26  [ main:126 ] - [ INFO ]  predicates size is: 20
2021-10-09 13:59:26  [ main:217 ] - [ INFO ]  sampling.....
2021-10-09 13:59:26  [ main:388 ] - [ INFO ]  completing evidence set.....
2021-10-09 13:59:26  [ main:515 ] - [ INFO ]  full evidence set size: 17
2021-10-09 14:00:30  [ main:0 ] - [ INFO ]  building predicates......
2021-10-09 14:00:30  [ main:57 ] - [ INFO ]  predicates size is: 20
2021-10-09 14:00:30  [ main:88 ] - [ INFO ]  sampling.....
2021-10-09 14:00:30  [ main:195 ] - [ INFO ]  completing evidence set.....
2021-10-09 14:00:30  [ main:282 ] - [ INFO ]  full evidence set size: 17
2021-10-09 14:00:39  [ main:0 ] - [ INFO ]  building predicates......
2021-10-09 14:00:39  [ main:85 ] - [ INFO ]  predicates size is: 20
2021-10-09 14:00:39  [ main:137 ] - [ INFO ]  sampling.....
2021-10-09 14:00:39  [ main:263 ] - [ INFO ]  completing evidence set.....
2021-10-09 14:00:39  [ main:362 ] - [ INFO ]  full evidence set size: 17
2021-10-09 14:00:54  [ main:0 ] - [ INFO ]  building predicates......
2021-10-09 14:00:54  [ main:105 ] - [ INFO ]  predicates size is: 20
2021-10-09 14:00:54  [ main:173 ] - [ INFO ]  sampling.....
2021-10-09 14:00:55  [ main:347 ] - [ INFO ]  completing evidence set.....
2021-10-09 14:00:55  [ main:499 ] - [ INFO ]  full evidence set size: 17
2021-10-09 14:38:19  [ main:0 ] - [ INFO ]  building predicates......
2021-10-09 14:38:20  [ main:95 ] - [ INFO ]  predicates size is: 20
2021-10-09 14:38:20  [ main:151 ] - [ INFO ]  sampling.....
2021-10-09 14:38:20  [ main:331 ] - [ INFO ]  completing evidence set.....
2021-10-09 14:38:20  [ main:446 ] - [ INFO ]  full evidence set size: 17
2021-10-09 14:51:15  [ main:0 ] - [ INFO ]  building predicates......
2021-10-09 14:51:16  [ main:49 ] - [ INFO ]  predicates size is: 20
2021-10-09 14:51:16  [ main:77 ] - [ INFO ]  sampling.....
2021-10-09 14:51:16  [ main:161 ] - [ INFO ]  completing evidence set.....
2021-10-09 14:51:16  [ main:221 ] - [ INFO ]  full evidence set size: 17
2021-10-09 14:53:11  [ main:0 ] - [ INFO ]  building predicates......
2021-10-09 14:53:11  [ main:49 ] - [ INFO ]  predicates size is: 20
2021-10-09 14:53:11  [ main:76 ] - [ INFO ]  sampling.....
2021-10-09 14:53:11  [ main:154 ] - [ INFO ]  completing evidence set.....
2021-10-09 14:53:11  [ main:250 ] - [ INFO ]  full evidence set size: 17
2021-10-09 14:56:23  [ main:0 ] - [ INFO ]  building predicates......
2021-10-09 14:56:23  [ main:84 ] - [ INFO ]  predicates size is: 20
2021-10-09 14:56:23  [ main:126 ] - [ INFO ]  sampling.....
2021-10-09 14:56:23  [ main:227 ] - [ INFO ]  completing evidence set.....
2021-10-09 14:56:23  [ main:303 ] - [ INFO ]  full evidence set size: 17
2021-10-09 14:56:36  [ main:0 ] - [ INFO ]  building predicates......
2021-10-09 14:56:36  [ main:52 ] - [ INFO ]  predicates size is: 20
2021-10-09 14:56:36  [ main:86 ] - [ INFO ]  sampling.....
2021-10-09 14:56:36  [ main:174 ] - [ INFO ]  completing evidence set.....
2021-10-09 14:56:36  [ main:237 ] - [ INFO ]  full evidence set size: 17
